mktextfm Arial
mktextfm Arial
mktextfm helvet
mktextfm helvet
mktextfm helvet
mktextfm helvet
mktextfm helvet
mktextfm helvet/BI
mktextfm helvet
mktextfm helvet/B
mktextfm helvet
mktextfm helvet/I
mktextfm helvet
mktextfm helvet
mktextfm helvet
mktextfm helvet
mktextfm helvet
mktextfm helvet
mktextfm helvet
mktextfm helvet
mktextfm helvet/BI
mktextfm helvet
mktextfm helvet/B
mktextfm helvet
mktextfm helvet/I
mktextfm helvet
mktextfm helvet
mktextfm helvet
mktextfm helvet
mktextfm helvet
mktextfm helvet
mktextfm helvet
mktextfm helvet
mktextfm helvet
mktextfm helvet
mktextfm helvet
mktextfm helvet
mktextfm helvet
mktextfm helvet
mktextfm helvet
mktextfm helvet
mktextfm helvet
mktextfm helvet
mktextfm helvet
mktextfm helvet
mktextfm helvet/BI
mktextfm helvet
mktextfm helvet/B
mktextfm helvet
mktextfm helvet/I
mktextfm helvet
