\BOOKMARK [0][-]{chapter.1}{\376\377\000V\000o\000r\000a\000u\000s\000s\000e\000t\000z\000u\000n\000g\000e\000n}{}% 1
\BOOKMARK [1][-]{section.1.1}{\376\377\000V\000e\000r\000s\000i\000o\000n\000s\000k\000o\000m\000p\000a\000t\000i\000b\000i\000l\000i\000t\000\344\000t}{chapter.1}% 2
\BOOKMARK [1][-]{section.1.2}{\376\377\000Z\000u\000g\000a\000n\000g\000s\000d\000a\000t\000e\000n\000\040\000f\000\374\000r\000\040\040\036\000r\000a\000t\000e\000n\000k\000a\000u\000f\000\040\000b\000y\000\040\000e\000a\000s\000y\000C\000r\000e\000d\000i\000t\040\034}{chapter.1}% 3
\BOOKMARK [0][-]{chapter.2}{\376\377\000I\000n\000s\000t\000a\000l\000l\000a\000t\000i\000o\000n}{}% 4
\BOOKMARK [1][-]{section.2.1}{\376\377\000S\000h\000o\000p\000w\000a\000r\000e\000\040\000C\000o\000m\000m\000u\000n\000i\000t\000y\000\040\000S\000t\000o\000r\000e}{chapter.2}% 5
\BOOKMARK [1][-]{section.2.2}{\376\377\000m\000a\000n\000u\000e\000l\000l\000e\000r\000\040\000D\000a\000t\000e\000i\000-\000U\000p\000l\000o\000a\000d}{chapter.2}% 6
\BOOKMARK [1][-]{section.2.3}{\376\377\000K\000o\000m\000m\000a\000n\000d\000o\000z\000e\000i\000l\000e}{chapter.2}% 7
\BOOKMARK [0][-]{chapter.3}{\376\377\000K\000o\000n\000f\000i\000g\000u\000r\000a\000t\000i\000o\000n}{}% 8
\BOOKMARK [1][-]{section.3.1}{\376\377\000K\000o\000n\000f\000i\000g\000u\000r\000a\000t\000i\000o\000n\000s\000\040\000M\000e\000n\000\374\000\040\000\366\000f\000f\000n\000e\000n}{chapter.3}% 9
\BOOKMARK [1][-]{section.3.2}{\376\377\000P\000l\000u\000g\000i\000n\000\040\000k\000o\000n\000f\000i\000g\000u\000r\000i\000e\000r\000e\000n}{chapter.3}% 10
\BOOKMARK [1][-]{section.3.3}{\376\377\000Z\000a\000h\000l\000u\000n\000g\000s\000a\000r\000t\000\040\000E\000i\000n\000s\000t\000e\000l\000l\000u\000n\000g\000e\000n}{chapter.3}% 11
\BOOKMARK [0][-]{chapter.4}{\376\377\000F\000r\000e\000q\000u\000e\000n\000t\000l\000y\000\040\000A\000s\000k\000e\000d\000\040\000Q\000u\000e\000s\000t\000i\000o\000n\000s}{}% 12
\BOOKMARK [1][-]{section.4.1}{\376\377\000N\000a\000c\000h\000\040\000A\000u\000s\000w\000a\000h\000l\000\040\000d\000e\000r\000\040\000Z\000a\000h\000l\000u\000n\000g\000s\000a\000r\000t\000\040\000i\000m\000\040\000F\000r\000o\000n\000t\000e\000n\000d\000,\000\040\000w\000i\000r\000d\000\040\000d\000i\000e\000\040\000Z\000u\000s\000t\000i\000m\000m\000u\000n\000g\000s\000e\000r\000k\000l\000\344\000r\000u\000n\000g\000\040\000n\000i\000c\000h\000t\000\040\000a\000n\000g\000e\000z\000e\000i\000g\000t}{chapter.4}% 13
\BOOKMARK [1][-]{section.4.2}{\376\377\000N\000a\000c\000h\000\040\000A\000k\000t\000i\000v\000i\000e\000r\000e\000n\000\040\000d\000e\000r\000\040\000D\000e\000b\000u\000g\000\040\000L\000o\000g\000g\000i\000n\000g\000\040\000O\000p\000t\000i\000o\000n\000\040\000i\000n\000\040\000d\000e\000n\000\040\000P\000l\000u\000g\000i\000n\000-\000E\000i\000n\000s\000t\000e\000l\000l\000u\000n\000g\000e\000n\000,\000\040\000w\000i\000r\000d\000\040\000k\000e\000i\000n\000\040\000D\000e\000b\000u\000g\000\040\000O\000u\000t\000p\000u\000t\000\040\000g\000e\000l\000o\000g\000g\000t}{chapter.4}% 14
\BOOKMARK [1][-]{section.4.3}{\376\377\000N\000a\000c\000h\000\040\000A\000u\000s\000w\000a\000h\000l\000\040\000d\000e\000r\000\040\000Z\000a\000h\000l\000u\000n\000g\000s\000a\000r\000t\000\040\000i\000m\000\040\000F\000r\000o\000n\000t\000e\000n\000d\000,\000\040\000w\000i\000r\000d\000\040\000d\000e\000r\000\040\000T\000i\000l\000g\000u\000n\000g\000s\000p\000l\000a\000n\000\040\000a\000u\000f\000\040\000d\000e\000r\000\040\000B\000e\000s\000t\000e\000l\000l\000b\000e\000s\000t\000\344\000t\000i\000g\000u\000n\000g\000s\000s\000e\000i\000t\000e\000\040\000n\000i\000c\000h\000t\000\040\000a\000n\000g\000e\000z\000e\000i\000g\000t}{chapter.4}% 15
\BOOKMARK [0][-]{chapter.5}{\376\377\000C\000h\000a\000n\000g\000e\000l\000o\000g}{}% 16
\BOOKMARK [1][-]{section.5.1}{\376\377\000v\0001\000.\0005\000.\0003}{chapter.5}% 17
\BOOKMARK [1][-]{section.5.2}{\376\377\000v\0001\000.\0005\000.\0002}{chapter.5}% 18
\BOOKMARK [1][-]{section.5.3}{\376\377\000v\0001\000.\0005\000.\0001}{chapter.5}% 19
\BOOKMARK [1][-]{section.5.4}{\376\377\000v\0001\000.\0005\000.\0000}{chapter.5}% 20
\BOOKMARK [1][-]{section.5.5}{\376\377\000v\0001\000.\0004\000.\0009}{chapter.5}% 21
\BOOKMARK [1][-]{section.5.6}{\376\377\000v\0001\000.\0004\000.\0008}{chapter.5}% 22
\BOOKMARK [1][-]{section.5.7}{\376\377\000v\0001\000.\0004\000.\0007}{chapter.5}% 23
\BOOKMARK [1][-]{section.5.8}{\376\377\000v\0001\000.\0004\000.\0006}{chapter.5}% 24
\BOOKMARK [1][-]{section.5.9}{\376\377\000v\0001\000.\0004\000.\0004}{chapter.5}% 25
\BOOKMARK [1][-]{section.5.10}{\376\377\000v\0001\000.\0004\000.\0003}{chapter.5}% 26
\BOOKMARK [1][-]{section.5.11}{\376\377\000v\0001\000.\0004\000.\0001}{chapter.5}% 27
\BOOKMARK [1][-]{section.5.12}{\376\377\000v\0001\000.\0003\000.\0000}{chapter.5}% 28
\BOOKMARK [1][-]{section.5.13}{\376\377\000v\0001\000.\0002}{chapter.5}% 29
\BOOKMARK [1][-]{section.5.14}{\376\377\000v\0001\000.\0001}{chapter.5}% 30
\BOOKMARK [1][-]{section.5.15}{\376\377\000v\0001\000.\0000}{chapter.5}% 31
